<?xml version="1.0" encoding="UTF-8"?>
<!-- Generated by org.testng.reporters.JUnitReportReporter -->
<testsuite skipped="0" hostname="PT-CTL-017" name="com.nobtoker.tests.TestCase" tests="1" failures="0" timestamp="2020-12-02T16:34:27 IST" time="72.782" errors="0">
  <testcase name="reportIssue" time="72.782" classname="com.nobtoker.tests.TestCase"/>
  <system-out/>
</testsuite> <!-- com.nobtoker.tests.TestCase -->
